2023-11-26 19:37:05,644 [INFO] Верхняя граница для загадываемого числа: 7
2023-11-26 19:37:07,596 [INFO] Количество попыток: 3
2023-11-26 19:37:07,596 [INFO] Загадано число от 1 до 7
2023-11-26 19:37:07,596 [INFO] У вас 3 попыток
2023-11-26 19:37:08,868 [INFO] Попытка пользователя: 7
2023-11-26 19:37:08,869 [INFO] Пользователь ввел число больше загаданного.
2023-11-26 19:37:09,811 [INFO] Попытка пользователя: 5
2023-11-26 19:37:09,811 [INFO] Пользователь ввел число больше загаданного.
2023-11-26 19:37:10,633 [INFO] Попытка пользователя: 4
2023-11-26 19:37:10,633 [INFO] Пользователь угадал число.
2023-11-26 19:37:25,546 [INFO] Верхняя граница для загадываемого числа: 10
2023-11-26 19:37:25,943 [INFO] Количество попыток: 5
2023-11-26 19:37:25,943 [INFO] Загадано число от 1 до 10
2023-11-26 19:37:25,944 [INFO] У вас 5 попыток
2023-11-26 19:37:27,040 [INFO] Попытка пользователя: 8
2023-11-26 19:37:27,040 [INFO] Пользователь ввел число меньше загаданного.
2023-11-26 19:37:27,763 [INFO] Попытка пользователя: 7
2023-11-26 19:37:27,763 [INFO] Пользователь ввел число меньше загаданного.
2023-11-26 19:37:31,181 [INFO] Попытка пользователя: 10
2023-11-26 19:37:31,182 [INFO] Пользователь угадал число.
